<?xml version="1.0" encoding="UTF-8"?>
<!-- Generated by org.testng.reporters.JUnitReportReporter -->
<testsuite skipped="0" hostname="DESKTOP-PU16VBP" name="com.Tests.forgotPassWordTest" tests="1" failures="0" timestamp="2021-01-08T20:14:32 CST" time="16.279" errors="0">
  <testcase name="TC1_ForgotPassword_Test" time="16.279" classname="com.Tests.forgotPassWordTest"/>
  <system-out/>
</testsuite> <!-- com.Tests.forgotPassWordTest -->
