<?xml version="1.0" encoding="UTF-8"?>
<!-- Generated by org.testng.reporters.JUnitReportReporter -->
<testsuite skipped="0" hostname="DESKTOP-PU16VBP" name="com.Tests.LoginTest" tests="3" failures="0" timestamp="2021-01-08T20:14:32 CST" time="45.753" errors="0">
  <testcase name="TC1_login_With_Valid_Credentials_Test" time="17.233" classname="com.Tests.LoginTest"/>
  <system-out/>
  <testcase name="TC2_login_Without_Password_Test" time="13.562" classname="com.Tests.LoginTest"/>
  <system-out/>
  <testcase name="TC3_login_Without_Username_Test" time="14.958" classname="com.Tests.LoginTest"/>
  <system-out/>
</testsuite> <!-- com.Tests.LoginTest -->
